  engine.cpp
C:\Program Files\Microsoft Visual Studio\2022\Community\VC\Tools\MSVC\14.34.31933\include\filesystem(13): warning STL4038: The contents of <filesystem> are available only with C++17 or later.
C:\Users\Joao Novais\OneDrive - Universidade do Minho\Ambiente de Trabalho\Universidade\Trabalho-CG\engine\engine.cpp(49,21): warning C4018: '<': incompatibilidade de signed/unsigned
C:\Program Files\Microsoft Visual Studio\2022\Community\VC\Tools\MSVC\14.34.31933\include\utility(172,16): warning C4244: 'inicializando': conversão de '_Ty' para '_Ty1', possível perda de dados
          with
          [
              _Ty=int
          ]
          and
          [
              _Ty1=float
          ]
C:\Users\Joao Novais\OneDrive - Universidade do Minho\Ambiente de Trabalho\Universidade\Trabalho-CG\engine\headers/Parser.h(21,11): message : consulte a referência à instanciação 'std::pair<float,float>::pair<int,int,0>(_Other1 &&,_Other2 &&) noexcept' do modelo que está sendo compilada
          with
          [
              _Other1=int,
              _Other2=int
          ]
C:\Users\Joao Novais\OneDrive - Universidade do Minho\Ambiente de Trabalho\Universidade\Trabalho-CG\engine\headers/Parser.h(21,20): message : consulte a referência à instanciação 'std::pair<float,float>::pair<int,int,0>(_Other1 &&,_Other2 &&) noexcept' do modelo que está sendo compilada
          with
          [
              _Other1=int,
              _Other2=int
          ]
C:\Program Files\Microsoft Visual Studio\2022\Community\VC\Tools\MSVC\14.34.31933\include\utility(172,54): warning C4244: 'inicializando': conversão de '_Ty' para '_Ty2', possível perda de dados
          with
          [
              _Ty=int
          ]
          and
          [
              _Ty2=float
          ]
  engine.vcxproj -> C:\Users\Joao Novais\OneDrive - Universidade do Minho\Ambiente de Trabalho\Universidade\Trabalho-CG\Debug\engine.exe
